2021-04-17 17:06:10,444 INFO __main__ Created Employee: John Smith - John.Smith@email.com
2021-04-17 17:06:10,445 INFO __main__ Created Employee: Corey Schafer - Corey.Schafer@email.com
2021-04-17 17:06:10,445 INFO __main__ Created Employee: Jane Doe - Jane.Doe@email.com
2021-04-17 17:11:08,685 INFO employee Created Employee: John Smith - John.Smith@email.com
2021-04-17 17:11:08,686 INFO employee Created Employee: Corey Schafer - Corey.Schafer@email.com
2021-04-17 17:11:08,686 INFO employee Created Employee: Jane Doe - Jane.Doe@email.com
2021-04-17 17:11:52,494 INFO employee Created Employee: John Smith - John.Smith@email.com
2021-04-17 17:11:52,494 INFO employee Created Employee: Corey Schafer - Corey.Schafer@email.com
2021-04-17 17:11:52,755 INFO employee Created Employee: Jane Doe - Jane.Doe@email.com
2021-04-17 17:12:23,934 INFO employee Created Employee: John Smith - John.Smith@email.com
2021-04-17 17:12:23,934 INFO employee Created Employee: Corey Schafer - Corey.Schafer@email.com
2021-04-17 17:12:23,934 INFO employee Created Employee: Jane Doe - Jane.Doe@email.com
2021-04-17 17:12:34,395 INFO employee Created Employee: John Smith - John.Smith@email.com
2021-04-17 17:12:34,396 INFO employee Created Employee: Corey Schafer - Corey.Schafer@email.com
2021-04-17 17:12:34,396 INFO employee Created Employee: Jane Doe - Jane.Doe@email.com
2021-04-17 17:12:54,797 INFO employee Created Employee: John Smith - John.Smith@email.com
2021-04-17 17:12:54,797 INFO employee Created Employee: Corey Schafer - Corey.Schafer@email.com
2021-04-17 17:12:54,797 INFO employee Created Employee: Jane Doe - Jane.Doe@email.com
2021-04-17 17:15:31,626 INFO employee Created Employee: John Smith - John.Smith@email.com
2021-04-17 17:15:31,626 INFO employee Created Employee: Corey Schafer - Corey.Schafer@email.com
2021-04-17 17:15:31,626 INFO employee Created Employee: Jane Doe - Jane.Doe@email.com
2021-04-17 17:15:59,929 INFO employee Created Employee: John Smith - John.Smith@email.com
2021-04-17 17:15:59,929 INFO employee Created Employee: Corey Schafer - Corey.Schafer@email.com
2021-04-17 17:15:59,929 INFO employee Created Employee: Jane Doe - Jane.Doe@email.com
2021-04-17 17:16:20,975 INFO employee Created Employee: John Smith - John.Smith@email.com
2021-04-17 17:16:20,976 INFO employee Created Employee: Corey Schafer - Corey.Schafer@email.com
2021-04-17 17:16:20,976 INFO employee Created Employee: Jane Doe - Jane.Doe@email.com
